{"H:\\projects\\dmz-key-locations\\src\\data\\key-data.js": {"path":"H:\\projects\\dmz-key-locations\\src\\data\\key-data.js","statementMap":{"0":{"start":{"line":1,"column":20},"end":{"line":1215,"column":1}}},"fnMap":{},"branchMap":{},"s":{"0":1},"f":{},"b":{},"_coverageSchema":"1a1c01bbd47fc00a2c39e90264f33305004495a9","hash":"bc63ed43c4f90ccfea6a41039fd0fe4bb23e9438"}
,"H:\\projects\\dmz-key-locations\\src\\lib\\ocr.js": {"path":"H:\\projects\\dmz-key-locations\\src\\lib\\ocr.js","statementMap":{"0":{"start":{"line":5,"column":36},"end":{"line":23,"column":1}},"1":{"start":{"line":6,"column":26},"end":{"line":6,"column":67}},"2":{"start":{"line":6,"column":57},"end":{"line":6,"column":66}},"3":{"start":{"line":7,"column":18},"end":{"line":7,"column":20}},"4":{"start":{"line":9,"column":4},"end":{"line":20,"column":5}},"5":{"start":{"line":10,"column":8},"end":{"line":19,"column":9}},"6":{"start":{"line":11,"column":12},"end":{"line":11,"column":37}},"7":{"start":{"line":13,"column":12},"end":{"line":18,"column":13}},"8":{"start":{"line":14,"column":16},"end":{"line":14,"column":51}},"9":{"start":{"line":15,"column":16},"end":{"line":15,"column":45}},"10":{"start":{"line":17,"column":16},"end":{"line":17,"column":45}},"11":{"start":{"line":22,"column":4},"end":{"line":22,"column":16}},"12":{"start":{"line":25,"column":36},"end":{"line":29,"column":1}},"13":{"start":{"line":26,"column":27},"end":{"line":26,"column":60}},"14":{"start":{"line":28,"column":4},"end":{"line":28,"column":76}},"15":{"start":{"line":28,"column":63},"end":{"line":28,"column":75}},"16":{"start":{"line":32,"column":18},"end":{"line":32,"column":20}},"17":{"start":{"line":34,"column":4},"end":{"line":40,"column":5}},"18":{"start":{"line":34,"column":18},"end":{"line":34,"column":19}},"19":{"start":{"line":35,"column":8},"end":{"line":39,"column":9}},"20":{"start":{"line":35,"column":22},"end":{"line":35,"column":23}},"21":{"start":{"line":36,"column":12},"end":{"line":38,"column":13}},"22":{"start":{"line":37,"column":16},"end":{"line":37,"column":36}},"23":{"start":{"line":41,"column":4},"end":{"line":41,"column":25}},"24":{"start":{"line":44,"column":35},"end":{"line":84,"column":1}},"25":{"start":{"line":45,"column":4},"end":{"line":45,"column":49}},"26":{"start":{"line":45,"column":30},"end":{"line":45,"column":48}},"27":{"start":{"line":46,"column":24},"end":{"line":46,"column":26}},"28":{"start":{"line":48,"column":23},"end":{"line":48,"column":56}},"29":{"start":{"line":50,"column":4},"end":{"line":56,"column":5}},"30":{"start":{"line":51,"column":8},"end":{"line":55,"column":9}},"31":{"start":{"line":52,"column":12},"end":{"line":54,"column":13}},"32":{"start":{"line":53,"column":16},"end":{"line":53,"column":48}},"33":{"start":{"line":59,"column":4},"end":{"line":81,"column":5}},"34":{"start":{"line":60,"column":41},"end":{"line":60,"column":74}},"35":{"start":{"line":61,"column":27},"end":{"line":61,"column":36}},"36":{"start":{"line":62,"column":24},"end":{"line":62,"column":54}},"37":{"start":{"line":64,"column":8},"end":{"line":80,"column":9}},"38":{"start":{"line":65,"column":12},"end":{"line":74,"column":13}},"39":{"start":{"line":66,"column":43},"end":{"line":66,"column":83}},"40":{"start":{"line":67,"column":44},"end":{"line":67,"column":93}},"41":{"start":{"line":69,"column":16},"end":{"line":73,"column":17}},"42":{"start":{"line":70,"column":20},"end":{"line":72,"column":21}},"43":{"start":{"line":71,"column":24},"end":{"line":71,"column":77}},"44":{"start":{"line":76,"column":12},"end":{"line":78,"column":13}},"45":{"start":{"line":77,"column":16},"end":{"line":77,"column":51}},"46":{"start":{"line":83,"column":4},"end":{"line":83,"column":45}}},"fnMap":{"0":{"name":"(anonymous_0)","decl":{"start":{"line":5,"column":36},"end":{"line":5,"column":37}},"loc":{"start":{"line":5,"column":46},"end":{"line":23,"column":1}},"line":5},"1":{"name":"(anonymous_1)","decl":{"start":{"line":6,"column":50},"end":{"line":6,"column":51}},"loc":{"start":{"line":6,"column":57},"end":{"line":6,"column":66}},"line":6},"2":{"name":"(anonymous_2)","decl":{"start":{"line":25,"column":36},"end":{"line":25,"column":37}},"loc":{"start":{"line":25,"column":46},"end":{"line":29,"column":1}},"line":25},"3":{"name":"(anonymous_3)","decl":{"start":{"line":28,"column":49},"end":{"line":28,"column":50}},"loc":{"start":{"line":28,"column":63},"end":{"line":28,"column":75}},"line":28},"4":{"name":"getNumberOfWordMatches","decl":{"start":{"line":31,"column":9},"end":{"line":31,"column":31}},"loc":{"start":{"line":31,"column":38},"end":{"line":42,"column":1}},"line":31},"5":{"name":"(anonymous_5)","decl":{"start":{"line":44,"column":35},"end":{"line":44,"column":36}},"loc":{"start":{"line":44,"column":46},"end":{"line":84,"column":1}},"line":44},"6":{"name":"(anonymous_6)","decl":{"start":{"line":45,"column":22},"end":{"line":45,"column":23}},"loc":{"start":{"line":45,"column":30},"end":{"line":45,"column":48}},"line":45}},"branchMap":{"0":{"loc":{"start":{"line":13,"column":12},"end":{"line":18,"column":13}},"type":"if","locations":[{"start":{"line":13,"column":12},"end":{"line":18,"column":13}},{"start":{"line":16,"column":19},"end":{"line":18,"column":13}}],"line":13},"1":{"loc":{"start":{"line":36,"column":12},"end":{"line":38,"column":13}},"type":"if","locations":[{"start":{"line":36,"column":12},"end":{"line":38,"column":13}},{"start":{},"end":{}}],"line":36},"2":{"loc":{"start":{"line":52,"column":12},"end":{"line":54,"column":13}},"type":"if","locations":[{"start":{"line":52,"column":12},"end":{"line":54,"column":13}},{"start":{},"end":{}}],"line":52},"3":{"loc":{"start":{"line":64,"column":8},"end":{"line":80,"column":9}},"type":"if","locations":[{"start":{"line":64,"column":8},"end":{"line":80,"column":9}},{"start":{},"end":{}}],"line":64},"4":{"loc":{"start":{"line":69,"column":16},"end":{"line":73,"column":17}},"type":"if","locations":[{"start":{"line":69,"column":16},"end":{"line":73,"column":17}},{"start":{},"end":{}}],"line":69},"5":{"loc":{"start":{"line":69,"column":20},"end":{"line":69,"column":84}},"type":"binary-expr","locations":[{"start":{"line":69,"column":20},"end":{"line":69,"column":43}},{"start":{"line":69,"column":47},"end":{"line":69,"column":84}}],"line":69},"6":{"loc":{"start":{"line":70,"column":20},"end":{"line":72,"column":21}},"type":"if","locations":[{"start":{"line":70,"column":20},"end":{"line":72,"column":21}},{"start":{},"end":{}}],"line":70},"7":{"loc":{"start":{"line":70,"column":24},"end":{"line":70,"column":102}},"type":"binary-expr","locations":[{"start":{"line":70,"column":24},"end":{"line":70,"column":60}},{"start":{"line":70,"column":64},"end":{"line":70,"column":102}}],"line":70},"8":{"loc":{"start":{"line":76,"column":12},"end":{"line":78,"column":13}},"type":"if","locations":[{"start":{"line":76,"column":12},"end":{"line":78,"column":13}},{"start":{},"end":{}}],"line":76}},"s":{"0":1,"1":96,"2":9216,"3":96,"4":96,"5":9216,"6":31872,"7":31872,"8":13632,"9":13632,"10":18240,"11":96,"12":1,"13":6,"14":6,"15":1140,"16":283,"17":283,"18":283,"19":5871,"20":5871,"21":21352,"22":789,"23":283,"24":1,"25":6,"26":90,"27":6,"28":6,"29":6,"30":780,"31":11700,"32":25,"33":6,"34":90,"35":90,"36":90,"37":90,"38":68,"39":283,"40":283,"41":283,"42":180,"43":60,"44":68,"45":54,"46":6},"f":{"0":96,"1":9216,"2":6,"3":1140,"4":283,"5":6,"6":90},"b":{"0":[13632,18240],"1":[789,20563],"2":[25,11675],"3":[68,22],"4":[180,103],"5":[283,283],"6":[60,120],"7":[180,83],"8":[54,14]},"_coverageSchema":"1a1c01bbd47fc00a2c39e90264f33305004495a9","hash":"ef79a0739bcef1689924b1fe227041112c3c7d5f"}
}
