TN:
SF:src\data\key-data.js
FNF:0
FNH:0
DA:1,1
LF:1
LH:1
BRF:0
BRH:0
end_of_record
TN:
SF:src\lib\ocr.js
FN:5,(anonymous_0)
FN:6,(anonymous_1)
FN:25,(anonymous_2)
FN:28,(anonymous_3)
FN:31,getNumberOfWordMatches
FN:44,(anonymous_5)
FN:45,(anonymous_6)
FNF:7
FNH:7
FNDA:96,(anonymous_0)
FNDA:9216,(anonymous_1)
FNDA:6,(anonymous_2)
FNDA:1140,(anonymous_3)
FNDA:283,getNumberOfWordMatches
FNDA:6,(anonymous_5)
FNDA:90,(anonymous_6)
DA:5,1
DA:6,9216
DA:7,96
DA:9,96
DA:10,9216
DA:11,31872
DA:13,31872
DA:14,13632
DA:15,13632
DA:17,18240
DA:22,96
DA:25,1
DA:26,6
DA:28,1140
DA:32,283
DA:34,283
DA:35,5871
DA:36,21352
DA:37,789
DA:41,283
DA:44,1
DA:45,90
DA:46,6
DA:48,6
DA:50,6
DA:51,780
DA:52,11700
DA:53,25
DA:59,6
DA:60,90
DA:61,90
DA:62,90
DA:64,90
DA:65,68
DA:66,283
DA:67,283
DA:69,283
DA:70,180
DA:71,60
DA:76,68
DA:77,54
DA:83,6
LF:42
LH:42
BRDA:13,0,0,13632
BRDA:13,0,1,18240
BRDA:36,1,0,789
BRDA:36,1,1,20563
BRDA:52,2,0,25
BRDA:52,2,1,11675
BRDA:64,3,0,68
BRDA:64,3,1,22
BRDA:69,4,0,180
BRDA:69,4,1,103
BRDA:69,5,0,283
BRDA:69,5,1,283
BRDA:70,6,0,60
BRDA:70,6,1,120
BRDA:70,7,0,180
BRDA:70,7,1,83
BRDA:76,8,0,54
BRDA:76,8,1,14
BRF:18
BRH:18
end_of_record
